{"total": {"lines":{"total":1437,"covered":955,"skipped":0,"pct":66.45},"statements":{"total":1586,"covered":1031,"skipped":0,"pct":65},"functions":{"total":194,"covered":153,"skipped":0,"pct":78.86},"branches":{"total":907,"covered":497,"skipped":0,"pct":54.79},"branchesTrue":{"total":0,"covered":0,"skipped":0,"pct":100}}
,"C:\\dev\\Seo-Rx-Insights\\artifacts\\api-server\\src\\app.ts": {"lines":{"total":27,"covered":25,"skipped":0,"pct":92.59},"functions":{"total":7,"covered":6,"skipped":0,"pct":85.71},"statements":{"total":27,"covered":25,"skipped":0,"pct":92.59},"branches":{"total":11,"covered":5,"skipped":0,"pct":45.45}}
,"C:\\dev\\Seo-Rx-Insights\\artifacts\\api-server\\src\\lib\\ai-adapter.ts": {"lines":{"total":44,"covered":27,"skipped":0,"pct":61.36},"functions":{"total":9,"covered":4,"skipped":0,"pct":44.44},"statements":{"total":51,"covered":32,"skipped":0,"pct":62.74},"branches":{"total":39,"covered":16,"skipped":0,"pct":41.02}}
,"C:\\dev\\Seo-Rx-Insights\\artifacts\\api-server\\src\\lib\\api-key-auth.ts": {"lines":{"total":22,"covered":20,"skipped":0,"pct":90.9},"functions":{"total":2,"covered":2,"skipped":0,"pct":100},"statements":{"total":22,"covered":20,"skipped":0,"pct":90.9},"branches":{"total":10,"covered":9,"skipped":0,"pct":90}}
,"C:\\dev\\Seo-Rx-Insights\\artifacts\\api-server\\src\\lib\\auth.ts": {"lines":{"total":17,"covered":7,"skipped":0,"pct":41.17},"functions":{"total":2,"covered":1,"skipped":0,"pct":50},"statements":{"total":17,"covered":7,"skipped":0,"pct":41.17},"branches":{"total":14,"covered":8,"skipped":0,"pct":57.14}}
,"C:\\dev\\Seo-Rx-Insights\\artifacts\\api-server\\src\\lib\\crypto.ts": {"lines":{"total":42,"covered":41,"skipped":0,"pct":97.61},"functions":{"total":5,"covered":5,"skipped":0,"pct":100},"statements":{"total":43,"covered":42,"skipped":0,"pct":97.67},"branches":{"total":14,"covered":12,"skipped":0,"pct":85.71}}
,"C:\\dev\\Seo-Rx-Insights\\artifacts\\api-server\\src\\lib\\logger.ts": {"lines":{"total":2,"covered":2,"skipped":0,"pct":100},"functions":{"total":0,"covered":0,"skipped":0,"pct":100},"statements":{"total":2,"covered":2,"skipped":0,"pct":100},"branches":{"total":4,"covered":3,"skipped":0,"pct":75}}
,"C:\\dev\\Seo-Rx-Insights\\artifacts\\api-server\\src\\lib\\pagespeed.ts": {"lines":{"total":44,"covered":44,"skipped":0,"pct":100},"functions":{"total":6,"covered":6,"skipped":0,"pct":100},"statements":{"total":45,"covered":45,"skipped":0,"pct":100},"branches":{"total":47,"covered":37,"skipped":0,"pct":78.72}}
,"C:\\dev\\Seo-Rx-Insights\\artifacts\\api-server\\src\\lib\\pdf-report.ts": {"lines":{"total":74,"covered":62,"skipped":0,"pct":83.78},"functions":{"total":7,"covered":7,"skipped":0,"pct":100},"statements":{"total":78,"covered":65,"skipped":0,"pct":83.33},"branches":{"total":36,"covered":16,"skipped":0,"pct":44.44}}
,"C:\\dev\\Seo-Rx-Insights\\artifacts\\api-server\\src\\lib\\plan-enforcement.ts": {"lines":{"total":6,"covered":4,"skipped":0,"pct":66.66},"functions":{"total":6,"covered":4,"skipped":0,"pct":66.66},"statements":{"total":6,"covered":4,"skipped":0,"pct":66.66},"branches":{"total":0,"covered":0,"skipped":0,"pct":100}}
,"C:\\dev\\Seo-Rx-Insights\\artifacts\\api-server\\src\\lib\\rbac.ts": {"lines":{"total":67,"covered":51,"skipped":0,"pct":76.11},"functions":{"total":15,"covered":13,"skipped":0,"pct":86.66},"statements":{"total":76,"covered":56,"skipped":0,"pct":73.68},"branches":{"total":52,"covered":31,"skipped":0,"pct":59.61}}
,"C:\\dev\\Seo-Rx-Insights\\artifacts\\api-server\\src\\lib\\seo-analyzer.ts": {"lines":{"total":84,"covered":80,"skipped":0,"pct":95.23},"functions":{"total":33,"covered":33,"skipped":0,"pct":100},"statements":{"total":112,"covered":107,"skipped":0,"pct":95.53},"branches":{"total":126,"covered":93,"skipped":0,"pct":73.8}}
,"C:\\dev\\Seo-Rx-Insights\\artifacts\\api-server\\src\\lib\\stripe.ts": {"lines":{"total":27,"covered":11,"skipped":0,"pct":40.74},"functions":{"total":4,"covered":3,"skipped":0,"pct":75},"statements":{"total":30,"covered":13,"skipped":0,"pct":43.33},"branches":{"total":18,"covered":9,"skipped":0,"pct":50}}
,"C:\\dev\\Seo-Rx-Insights\\artifacts\\api-server\\src\\middlewares\\clerkProxyMiddleware.ts": {"lines":{"total":22,"covered":4,"skipped":0,"pct":18.18},"functions":{"total":6,"covered":1,"skipped":0,"pct":16.66},"statements":{"total":24,"covered":4,"skipped":0,"pct":16.66},"branches":{"total":18,"covered":1,"skipped":0,"pct":5.55}}
,"C:\\dev\\Seo-Rx-Insights\\artifacts\\api-server\\src\\routes\\ai-providers.ts": {"lines":{"total":66,"covered":5,"skipped":0,"pct":7.57},"functions":{"total":5,"covered":0,"skipped":0,"pct":0},"statements":{"total":81,"covered":5,"skipped":0,"pct":6.17},"branches":{"total":44,"covered":0,"skipped":0,"pct":0}}
,"C:\\dev\\Seo-Rx-Insights\\artifacts\\api-server\\src\\routes\\api-keys.ts": {"lines":{"total":72,"covered":41,"skipped":0,"pct":56.94},"functions":{"total":7,"covered":5,"skipped":0,"pct":71.42},"statements":{"total":73,"covered":41,"skipped":0,"pct":56.16},"branches":{"total":37,"covered":22,"skipped":0,"pct":59.45}}
,"C:\\dev\\Seo-Rx-Insights\\artifacts\\api-server\\src\\routes\\audits.ts": {"lines":{"total":122,"covered":75,"skipped":0,"pct":61.47},"functions":{"total":11,"covered":5,"skipped":0,"pct":45.45},"statements":{"total":144,"covered":81,"skipped":0,"pct":56.25},"branches":{"total":66,"covered":28,"skipped":0,"pct":42.42}}
,"C:\\dev\\Seo-Rx-Insights\\artifacts\\api-server\\src\\routes\\auth.ts": {"lines":{"total":23,"covered":17,"skipped":0,"pct":73.91},"functions":{"total":2,"covered":2,"skipped":0,"pct":100},"statements":{"total":23,"covered":17,"skipped":0,"pct":73.91},"branches":{"total":20,"covered":7,"skipped":0,"pct":35}}
,"C:\\dev\\Seo-Rx-Insights\\artifacts\\api-server\\src\\routes\\clients.ts": {"lines":{"total":69,"covered":25,"skipped":0,"pct":36.23},"functions":{"total":6,"covered":3,"skipped":0,"pct":50},"statements":{"total":76,"covered":26,"skipped":0,"pct":34.21},"branches":{"total":30,"covered":7,"skipped":0,"pct":23.33}}
,"C:\\dev\\Seo-Rx-Insights\\artifacts\\api-server\\src\\routes\\dashboard.ts": {"lines":{"total":62,"covered":54,"skipped":0,"pct":87.09},"functions":{"total":7,"covered":7,"skipped":0,"pct":100},"statements":{"total":72,"covered":60,"skipped":0,"pct":83.33},"branches":{"total":28,"covered":19,"skipped":0,"pct":67.85}}
,"C:\\dev\\Seo-Rx-Insights\\artifacts\\api-server\\src\\routes\\docs.ts": {"lines":{"total":11,"covered":9,"skipped":0,"pct":81.81},"functions":{"total":2,"covered":1,"skipped":0,"pct":50},"statements":{"total":11,"covered":9,"skipped":0,"pct":81.81},"branches":{"total":0,"covered":0,"skipped":0,"pct":100}}
,"C:\\dev\\Seo-Rx-Insights\\artifacts\\api-server\\src\\routes\\health.ts": {"lines":{"total":4,"covered":2,"skipped":0,"pct":50},"functions":{"total":1,"covered":0,"skipped":0,"pct":0},"statements":{"total":4,"covered":2,"skipped":0,"pct":50},"branches":{"total":0,"covered":0,"skipped":0,"pct":100}}
,"C:\\dev\\Seo-Rx-Insights\\artifacts\\api-server\\src\\routes\\index.ts": {"lines":{"total":15,"covered":15,"skipped":0,"pct":100},"functions":{"total":0,"covered":0,"skipped":0,"pct":100},"statements":{"total":15,"covered":15,"skipped":0,"pct":100},"branches":{"total":0,"covered":0,"skipped":0,"pct":100}}
,"C:\\dev\\Seo-Rx-Insights\\artifacts\\api-server\\src\\routes\\integrations.ts": {"lines":{"total":213,"covered":143,"skipped":0,"pct":67.13},"functions":{"total":20,"covered":19,"skipped":0,"pct":95},"statements":{"total":219,"covered":148,"skipped":0,"pct":67.57},"branches":{"total":153,"covered":101,"skipped":0,"pct":66.01}}
,"C:\\dev\\Seo-Rx-Insights\\artifacts\\api-server\\src\\routes\\issues.ts": {"lines":{"total":26,"covered":22,"skipped":0,"pct":84.61},"functions":{"total":2,"covered":2,"skipped":0,"pct":100},"statements":{"total":34,"covered":24,"skipped":0,"pct":70.58},"branches":{"total":8,"covered":5,"skipped":0,"pct":62.5}}
,"C:\\dev\\Seo-Rx-Insights\\artifacts\\api-server\\src\\routes\\organizations.ts": {"lines":{"total":83,"covered":41,"skipped":0,"pct":49.39},"functions":{"total":8,"covered":5,"skipped":0,"pct":62.5},"statements":{"total":83,"covered":41,"skipped":0,"pct":49.39},"branches":{"total":26,"covered":10,"skipped":0,"pct":38.46}}
,"C:\\dev\\Seo-Rx-Insights\\artifacts\\api-server\\src\\routes\\pagespeed.ts": {"lines":{"total":30,"covered":25,"skipped":0,"pct":83.33},"functions":{"total":2,"covered":2,"skipped":0,"pct":100},"statements":{"total":31,"covered":25,"skipped":0,"pct":80.64},"branches":{"total":13,"covered":10,"skipped":0,"pct":76.92}}
,"C:\\dev\\Seo-Rx-Insights\\artifacts\\api-server\\src\\routes\\reports.ts": {"lines":{"total":91,"covered":59,"skipped":0,"pct":64.83},"functions":{"total":13,"covered":11,"skipped":0,"pct":84.61},"statements":{"total":111,"covered":71,"skipped":0,"pct":63.96},"branches":{"total":52,"covered":26,"skipped":0,"pct":50}}
,"C:\\dev\\Seo-Rx-Insights\\artifacts\\api-server\\src\\routes\\stripe.ts": {"lines":{"total":72,"covered":44,"skipped":0,"pct":61.11},"functions":{"total":6,"covered":6,"skipped":0,"pct":100},"statements":{"total":76,"covered":44,"skipped":0,"pct":57.89},"branches":{"total":41,"covered":22,"skipped":0,"pct":53.65}}
}
